[smart] waiting ready...
[smart] ready
[smart] img2img_autumn_s45...
[smart] img2img_autumn_s45 -> {'error': 'CUDA out of memory. Tried to allocate 96.00 MiB. GPU 0 has a total capacity of 14.56 GiB of which 84.81 MiB is free. Inc'}
[smart] img2img_autumn_s70...
[smart] img2img_autumn_s70 -> {'error': 'CUDA out of memory. Tried to allocate 96.00 MiB. GPU 0 has a total capacity of 14.56 GiB of which 84.81 MiB is free. Inc'}
[smart] 05_text_fresh_coffee probe seed=11 std=20.5 grad=2.38 survived=True
[smart] 05_text_fresh_coffee COMMIT seed=11 -> {'std': 33.4, 'detail': 16.51, 'ocr': '', 'blocked': False, 'real': True, 'seed': 11}
[smart] 06_text_good_morning probe seed=11 std=8.9 grad=0.64 survived=False
[smart] 06_text_good_morning probe seed=22 std=10.3 grad=0.71 survived=False
[smart] 06_text_good_morning probe seed=33 std=9.1 grad=0.79 survived=False
[smart] 06_text_good_morning probe seed=44 std=13.0 grad=1.00 survived=False
[smart] 06_text_good_morning probe seed=55 std=9.6 grad=0.56 survived=False
[smart] 06_text_good_morning probe seed=66 std=11.0 grad=0.60 survived=False
[smart] 07_text_thank_you probe seed=11 std=35.2 grad=3.60 survived=True
[smart] 07_text_thank_you COMMIT seed=11 -> {'std': 44.4, 'detail': 3.28, 'ocr': '', 'blocked': False, 'real': True, 'seed': 11}
[smart] 08_text_welcome_kitten probe seed=11 std=28.6 grad=0.55 survived=False
[smart] 08_text_welcome_kitten probe seed=22 std=4.5 grad=0.24 survived=False
[smart] 08_text_welcome_kitten probe seed=33 std=35.6 grad=2.01 survived=True
[smart] 08_text_welcome_kitten COMMIT seed=33 -> {'std': 52.5, 'detail': 4.93, 'ocr': '', 'blocked': False, 'real': True, 'seed': 33}
SMART_DONE
