=== [setup] start 10:38:38 ===
[?25l   [38;5;237m━━━━━━━━━━━━━━━━━━━━━━━━━━━━━━━━━━━━━━━━[0m [32m0.0/1.8 MB[0m [31m?[0m eta [36m-:--:--[0m[2K   [38;2;249;38;114m━━━━━[0m[38;2;249;38;114m╸[0m[38;5;237m━━━━━━━━━━━━━━━━━━━━━━━━━━━━━━━━━━[0m [32m0.3/1.8 MB[0m [31m8.2 MB/s[0m eta [36m0:00:01[0m[2K   [38;2;249;38;114m━━━━━━━━━━━━━━━━━━━━━━━━━━━━━━━━━━━━━━━[0m[38;2;249;38;114m╸[0m [32m1.8/1.8 MB[0m [31m29.2 MB/s[0m eta [36m0:00:01[0m[2K   [38;2;114;156;31m━━━━━━━━━━━━━━━━━━━━━━━━━━━━━━━━━━━━━━━━[0m [32m1.8/1.8 MB[0m [31m21.5 MB/s[0m eta [36m0:00:00[0m
[?25h[setup] torch constraints:
torch==2.10.0+cu128
torchvision==0.25.0+cu128
torchaudio==2.10.0+cu128
=== [setup] web stack ===
=== [setup] diffusers PR build (Ideogram4Pipeline) ===
=== [setup] transformers/peft/accelerate/outlines ===
[31mERROR: pip's dependency resolver does not currently take into account all the packages that are installed. This behaviour is the source of the following dependency conflicts.
dask-cuda 26.2.0 requires cuda-core==0.3.*, but you have cuda-core 1.0.1 which is incompatible.
dask-cuda 26.2.0 requires numba-cuda<0.23.0,>=0.22.1, but you have numba-cuda 0.30.2 which is incompatible.
distributed-ucxx-cu12 0.48.0 requires numba-cuda[cu12]<0.23.0,>=0.22.1, but you have numba-cuda 0.30.2 which is incompatible.
cuml-cu12 26.2.0 requires numba<0.62.0,>=0.60.0, but you have numba 0.65.1 which is incompatible.
cuml-cu12 26.2.0 requires numba-cuda[cu12]<0.23.0,>=0.22.1, but you have numba-cuda 0.30.2 which is incompatible.
ucxx-cu12 0.48.0 requires numba-cuda[cu12]<0.23.0,>=0.22.1, but you have numba-cuda 0.30.2 which is incompatible.
cudf-cu12 26.2.1 requires numba<0.62.0,>=0.60.0, but you have numba 0.65.1 which is incompatible.
cudf-cu12 26.2.1 requires numba-cuda[cu12]<0.23.0,>=0.22.2, but you have numba-cuda 0.30.2 which is incompatible.[0m[31m
[0m=== [setup] bitsandbytes + nvjitlink ===
  [1;31merror[0m: [1msubprocess-exited-with-error[0m
  
  [31m×[0m [32mBuilding wheel for nvidia-nvjitlink-cu13 [0m[1;32m([0m[32mpyproject.toml[0m[1;32m)[0m did not run successfully.
  [31m│[0m exit code: [1;36m1[0m
  [31m╰─>[0m No available output.
  
  [1;35mnote[0m: This error originates from a subprocess, and is likely not a problem with pip.
[31m  ERROR: Failed building wheel for nvidia-nvjitlink-cu13[0m[31m
[0m[1;31merror[0m: [1mfailed-wheel-build-for-install[0m

[31m×[0m Failed to build installable wheels for some pyproject.toml based projects
[31m╰─>[0m nvidia-nvjitlink-cu13
nvjitlink-cu13 optional
=== [setup] import check ===
Flax classes are deprecated and will be removed in Diffusers v0.40.0. We recommend migrating to PyTorch classes or pinning your version of Diffusers.
Flax classes are deprecated and will be removed in Diffusers v0.40.0. We recommend migrating to PyTorch classes or pinning your version of Diffusers.
  OK torch 2.10.0+cu128
  OK torchvision 0.25.0+cu128
  OK transformers 5.8.0
  OK diffusers 0.39.0.dev0
  OK bitsandbytes 0.49.2
  OK accelerate 1.10.1
  OK Ideogram4Pipeline available
=== [setup] DONE 10:39:55 ===
